2017-01-14 19:02:59 Error: [Cake\Console\Exception\MissingShellException] Shell class for "Back" could not be found.
Exception Attributes: array (
  'class' => 'Back',
)
Stack Trace:
#0 C:\xampp\htdocs\enrich_cake\vendor\cakephp\cakephp\src\Console\ShellDispatcher.php(223): Cake\Console\ShellDispatcher->findShell('Back')
#1 C:\xampp\htdocs\enrich_cake\vendor\cakephp\cakephp\src\Console\ShellDispatcher.php(182): Cake\Console\ShellDispatcher->_dispatch(Array)
#2 C:\xampp\htdocs\enrich_cake\vendor\cakephp\cakephp\src\Console\ShellDispatcher.php(128): Cake\Console\ShellDispatcher->dispatch(Array)
#3 C:\xampp\htdocs\enrich_cake\bin\cake.php(34): Cake\Console\ShellDispatcher::run(Array)
#4 {main}


2017-01-14 19:46:41 Error: [Cake\Database\Exception] SQLSTATE[42S02]: Base table or view not found: 1146 Table 'feedlead_a2wp997.cake' doesn't exist
Stack Trace:
#0 C:\xampp\htdocs\enrich_cake\vendor\cakephp\cakephp\src\Database\Schema\Collection.php(97): Cake\Database\Schema\Collection->_reflect('Column', 'cake', Array, Object(Cake\Database\Schema\Table))
#1 C:\xampp\htdocs\enrich_cake\vendor\cakephp\cakephp\src\Database\Schema\CachedCollection.php(63): Cake\Database\Schema\Collection->describe('cake', Array)
#2 C:\xampp\htdocs\enrich_cake\vendor\cakephp\cakephp\src\ORM\Table.php(440): Cake\Database\Schema\CachedCollection->describe('cake')
#3 C:\xampp\htdocs\enrich_cake\vendor\cakephp\cakephp\src\ORM\Table.php(518): Cake\ORM\Table->schema()
#4 C:\xampp\htdocs\enrich_cake\vendor\cakephp\bake\src\Shell\Task\TemplateTask.php(291): Cake\ORM\Table->primaryKey()
#5 C:\xampp\htdocs\enrich_cake\vendor\cakephp\bake\src\Shell\Task\TemplateTask.php(409): Bake\Shell\Task\TemplateTask->_loadController()
#6 C:\xampp\htdocs\enrich_cake\vendor\cakephp\bake\src\Shell\Task\TemplateTask.php(384): Bake\Shell\Task\TemplateTask->getContent('dap_users_produ...')
#7 C:\xampp\htdocs\enrich_cake\vendor\cakephp\bake\src\Shell\Task\TemplateTask.php(145): Bake\Shell\Task\TemplateTask->bake('dap_users_produ...', true)
#8 [internal function]: Bake\Shell\Task\TemplateTask->main('cake', 'dap_users_produ...')
#9 C:\xampp\htdocs\enrich_cake\vendor\cakephp\cakephp\src\Console\Shell.php(466): call_user_func_array(Array, Array)
#10 C:\xampp\htdocs\enrich_cake\vendor\cakephp\cakephp\src\Console\Shell.php(459): Cake\Console\Shell->runCommand(Array, false, Array)
#11 C:\xampp\htdocs\enrich_cake\vendor\cakephp\cakephp\src\Console\ShellDispatcher.php(227): Cake\Console\Shell->runCommand(Array, true, Array)
#12 C:\xampp\htdocs\enrich_cake\vendor\cakephp\cakephp\src\Console\ShellDispatcher.php(182): Cake\Console\ShellDispatcher->_dispatch(Array)
#13 C:\xampp\htdocs\enrich_cake\vendor\cakephp\cakephp\src\Console\ShellDispatcher.php(128): Cake\Console\ShellDispatcher->dispatch(Array)
#14 C:\xampp\htdocs\enrich_cake\bin\cake.php(34): Cake\Console\ShellDispatcher::run(Array)
#15 {main}


