2017-01-14 19:20:55 Error: [Cake\Database\Exception] SQLSTATE[42S02]: Base table or view not found: 1146 Table 'feedlead_a2wp997.users' doesn't exist
Request URL: /DapUsersProductsJn
Stack Trace:
#0 C:\xampp\htdocs\enrich_cake\vendor\cakephp\cakephp\src\Database\Schema\Collection.php(97): Cake\Database\Schema\Collection->_reflect('Column', 'users', Array, Object(Cake\Database\Schema\Table))
#1 C:\xampp\htdocs\enrich_cake\vendor\cakephp\cakephp\src\Database\Schema\CachedCollection.php(63): Cake\Database\Schema\Collection->describe('users', Array)
#2 C:\xampp\htdocs\enrich_cake\vendor\cakephp\cakephp\src\ORM\Table.php(440): Cake\Database\Schema\CachedCollection->describe('users')
#3 C:\xampp\htdocs\enrich_cake\vendor\cakephp\cakephp\src\ORM\Table.php(518): Cake\ORM\Table->schema()
#4 C:\xampp\htdocs\enrich_cake\vendor\cakephp\cakephp\src\ORM\Query.php(391): Cake\ORM\Table->primaryKey()
#5 C:\xampp\htdocs\enrich_cake\vendor\cakephp\cakephp\src\ORM\Query.php(368): Cake\ORM\Query->_addAssociationsToTypeMap(Object(App\Model\Table\DapUsersProductsJnTable), Object(Cake\Database\TypeMap), Array)
#6 C:\xampp\htdocs\enrich_cake\vendor\cakephp\cakephp\src\ORM\Query.php(701): Cake\ORM\Query->contain(Array)
#7 C:\xampp\htdocs\enrich_cake\vendor\cakephp\cakephp\src\ORM\Table.php(1937): Cake\ORM\Query->applyOptions(Array)
#8 C:\xampp\htdocs\enrich_cake\vendor\cakephp\cakephp\src\ORM\Table.php(967): Cake\ORM\Table->callFinder('all', Object(Cake\ORM\Query), Array)
#9 C:\xampp\htdocs\enrich_cake\vendor\cakephp\cakephp\src\Controller\Component\PaginatorComponent.php(184): Cake\ORM\Table->find('all', Array)
#10 C:\xampp\htdocs\enrich_cake\vendor\cakephp\cakephp\src\Controller\Controller.php(713): Cake\Controller\Component\PaginatorComponent->paginate(Object(App\Model\Table\DapUsersProductsJnTable), Array)
#11 C:\xampp\htdocs\enrich_cake\src\Controller\DapUsersProductsJnController.php(24): Cake\Controller\Controller->paginate(Object(App\Model\Table\DapUsersProductsJnTable))
#12 [internal function]: App\Controller\DapUsersProductsJnController->index()
#13 C:\xampp\htdocs\enrich_cake\vendor\cakephp\cakephp\src\Controller\Controller.php(435): call_user_func_array(Array, Array)
#14 C:\xampp\htdocs\enrich_cake\vendor\cakephp\cakephp\src\Http\ActionDispatcher.php(122): Cake\Controller\Controller->invokeAction()
#15 C:\xampp\htdocs\enrich_cake\vendor\cakephp\cakephp\src\Http\ActionDispatcher.php(96): Cake\Http\ActionDispatcher->_invoke(Object(App\Controller\DapUsersProductsJnController))
#16 C:\xampp\htdocs\enrich_cake\vendor\cakephp\cakephp\src\Http\BaseApplication.php(83): Cake\Http\ActionDispatcher->dispatch(Object(Cake\Network\Request), Object(Cake\Network\Response))
#17 C:\xampp\htdocs\enrich_cake\vendor\cakephp\cakephp\src\Http\Runner.php(65): Cake\Http\BaseApplication->__invoke(Object(Zend\Diactoros\ServerRequest), Object(Zend\Diactoros\Response), Object(Cake\Http\Runner))
#18 C:\xampp\htdocs\enrich_cake\vendor\cakephp\cakephp\src\Routing\Middleware\RoutingMiddleware.php(62): Cake\Http\Runner->__invoke(Object(Zend\Diactoros\ServerRequest), Object(Zend\Diactoros\Response))
#19 C:\xampp\htdocs\enrich_cake\vendor\cakephp\cakephp\src\Http\Runner.php(65): Cake\Routing\Middleware\RoutingMiddleware->__invoke(Object(Zend\Diactoros\ServerRequest), Object(Zend\Diactoros\Response), Object(Cake\Http\Runner))
#20 C:\xampp\htdocs\enrich_cake\vendor\cakephp\cakephp\src\Routing\Middleware\AssetMiddleware.php(88): Cake\Http\Runner->__invoke(Object(Zend\Diactoros\ServerRequest), Object(Zend\Diactoros\Response))
#21 C:\xampp\htdocs\enrich_cake\vendor\cakephp\cakephp\src\Http\Runner.php(65): Cake\Routing\Middleware\AssetMiddleware->__invoke(Object(Zend\Diactoros\ServerRequest), Object(Zend\Diactoros\Response), Object(Cake\Http\Runner))
#22 C:\xampp\htdocs\enrich_cake\vendor\cakephp\cakephp\src\Error\Middleware\ErrorHandlerMiddleware.php(81): Cake\Http\Runner->__invoke(Object(Zend\Diactoros\ServerRequest), Object(Zend\Diactoros\Response))
#23 C:\xampp\htdocs\enrich_cake\vendor\cakephp\cakephp\src\Http\Runner.php(65): Cake\Error\Middleware\ErrorHandlerMiddleware->__invoke(Object(Zend\Diactoros\ServerRequest), Object(Zend\Diactoros\Response), Object(Cake\Http\Runner))
#24 C:\xampp\htdocs\enrich_cake\vendor\cakephp\cakephp\src\Http\Runner.php(51): Cake\Http\Runner->__invoke(Object(Zend\Diactoros\ServerRequest), Object(Zend\Diactoros\Response))
#25 C:\xampp\htdocs\enrich_cake\vendor\cakephp\cakephp\src\Http\Server.php(92): Cake\Http\Runner->run(Object(Cake\Http\MiddlewareQueue), Object(Zend\Diactoros\ServerRequest), Object(Zend\Diactoros\Response))
#26 C:\xampp\htdocs\enrich_cake\webroot\index.php(37): Cake\Http\Server->run()
#27 {main}


2017-01-14 19:41:10 Error: [Cake\View\Exception\MissingTemplateException] Template file "DapUsersProductsJn\index.ctp" is missing.
Exception Attributes: array (
  'file' => 'DapUsersProductsJn\\index.ctp',
)
Request URL: /DapUsersProductsJn
Stack Trace:
#0 C:\xampp\htdocs\enrich_cake\vendor\cakephp\cakephp\src\View\View.php(595): Cake\View\View->_getViewFileName('DapUsersProduct...')
#1 C:\xampp\htdocs\enrich_cake\vendor\cakephp\cakephp\src\Controller\Controller.php(617): Cake\View\View->render(NULL, NULL)
#2 C:\xampp\htdocs\enrich_cake\vendor\cakephp\cakephp\src\Http\ActionDispatcher.php(128): Cake\Controller\Controller->render()
#3 C:\xampp\htdocs\enrich_cake\vendor\cakephp\cakephp\src\Http\ActionDispatcher.php(96): Cake\Http\ActionDispatcher->_invoke(Object(App\Controller\DapUsersProductsJnController))
#4 C:\xampp\htdocs\enrich_cake\vendor\cakephp\cakephp\src\Http\BaseApplication.php(83): Cake\Http\ActionDispatcher->dispatch(Object(Cake\Network\Request), Object(Cake\Network\Response))
#5 C:\xampp\htdocs\enrich_cake\vendor\cakephp\cakephp\src\Http\Runner.php(65): Cake\Http\BaseApplication->__invoke(Object(Zend\Diactoros\ServerRequest), Object(Zend\Diactoros\Response), Object(Cake\Http\Runner))
#6 C:\xampp\htdocs\enrich_cake\vendor\cakephp\cakephp\src\Routing\Middleware\RoutingMiddleware.php(62): Cake\Http\Runner->__invoke(Object(Zend\Diactoros\ServerRequest), Object(Zend\Diactoros\Response))
#7 C:\xampp\htdocs\enrich_cake\vendor\cakephp\cakephp\src\Http\Runner.php(65): Cake\Routing\Middleware\RoutingMiddleware->__invoke(Object(Zend\Diactoros\ServerRequest), Object(Zend\Diactoros\Response), Object(Cake\Http\Runner))
#8 C:\xampp\htdocs\enrich_cake\vendor\cakephp\cakephp\src\Routing\Middleware\AssetMiddleware.php(88): Cake\Http\Runner->__invoke(Object(Zend\Diactoros\ServerRequest), Object(Zend\Diactoros\Response))
#9 C:\xampp\htdocs\enrich_cake\vendor\cakephp\cakephp\src\Http\Runner.php(65): Cake\Routing\Middleware\AssetMiddleware->__invoke(Object(Zend\Diactoros\ServerRequest), Object(Zend\Diactoros\Response), Object(Cake\Http\Runner))
#10 C:\xampp\htdocs\enrich_cake\vendor\cakephp\cakephp\src\Error\Middleware\ErrorHandlerMiddleware.php(81): Cake\Http\Runner->__invoke(Object(Zend\Diactoros\ServerRequest), Object(Zend\Diactoros\Response))
#11 C:\xampp\htdocs\enrich_cake\vendor\cakephp\cakephp\src\Http\Runner.php(65): Cake\Error\Middleware\ErrorHandlerMiddleware->__invoke(Object(Zend\Diactoros\ServerRequest), Object(Zend\Diactoros\Response), Object(Cake\Http\Runner))
#12 C:\xampp\htdocs\enrich_cake\vendor\cakephp\cakephp\src\Http\Runner.php(51): Cake\Http\Runner->__invoke(Object(Zend\Diactoros\ServerRequest), Object(Zend\Diactoros\Response))
#13 C:\xampp\htdocs\enrich_cake\vendor\cakephp\cakephp\src\Http\Server.php(92): Cake\Http\Runner->run(Object(Cake\Http\MiddlewareQueue), Object(Zend\Diactoros\ServerRequest), Object(Zend\Diactoros\Response))
#14 C:\xampp\htdocs\enrich_cake\webroot\index.php(37): Cake\Http\Server->run()
#15 {main}


2017-01-14 20:44:21 Error: [Error] Call to a member function find() on boolean
Request URL: /enrich_cake/DapUsers/getUserIdTest/support@feedlead.com
Stack Trace:
#0 [internal function]: App\Controller\DapUsersController->getUserIdTest('support@feedlea...')
#1 C:\xampp\htdocs\enrich_cake\vendor\cakephp\cakephp\src\Controller\Controller.php(435): call_user_func_array(Array, Array)
#2 C:\xampp\htdocs\enrich_cake\vendor\cakephp\cakephp\src\Http\ActionDispatcher.php(122): Cake\Controller\Controller->invokeAction()
#3 C:\xampp\htdocs\enrich_cake\vendor\cakephp\cakephp\src\Http\ActionDispatcher.php(96): Cake\Http\ActionDispatcher->_invoke(Object(App\Controller\DapUsersController))
#4 C:\xampp\htdocs\enrich_cake\vendor\cakephp\cakephp\src\Http\BaseApplication.php(83): Cake\Http\ActionDispatcher->dispatch(Object(Cake\Network\Request), Object(Cake\Network\Response))
#5 C:\xampp\htdocs\enrich_cake\vendor\cakephp\cakephp\src\Http\Runner.php(65): Cake\Http\BaseApplication->__invoke(Object(Zend\Diactoros\ServerRequest), Object(Zend\Diactoros\Response), Object(Cake\Http\Runner))
#6 C:\xampp\htdocs\enrich_cake\vendor\cakephp\cakephp\src\Routing\Middleware\RoutingMiddleware.php(62): Cake\Http\Runner->__invoke(Object(Zend\Diactoros\ServerRequest), Object(Zend\Diactoros\Response))
#7 C:\xampp\htdocs\enrich_cake\vendor\cakephp\cakephp\src\Http\Runner.php(65): Cake\Routing\Middleware\RoutingMiddleware->__invoke(Object(Zend\Diactoros\ServerRequest), Object(Zend\Diactoros\Response), Object(Cake\Http\Runner))
#8 C:\xampp\htdocs\enrich_cake\vendor\cakephp\cakephp\src\Routing\Middleware\AssetMiddleware.php(93): Cake\Http\Runner->__invoke(Object(Zend\Diactoros\ServerRequest), Object(Zend\Diactoros\Response))
#9 C:\xampp\htdocs\enrich_cake\vendor\cakephp\cakephp\src\Http\Runner.php(65): Cake\Routing\Middleware\AssetMiddleware->__invoke(Object(Zend\Diactoros\ServerRequest), Object(Zend\Diactoros\Response), Object(Cake\Http\Runner))
#10 C:\xampp\htdocs\enrich_cake\vendor\cakephp\cakephp\src\Error\Middleware\ErrorHandlerMiddleware.php(81): Cake\Http\Runner->__invoke(Object(Zend\Diactoros\ServerRequest), Object(Zend\Diactoros\Response))
#11 C:\xampp\htdocs\enrich_cake\vendor\cakephp\cakephp\src\Http\Runner.php(65): Cake\Error\Middleware\ErrorHandlerMiddleware->__invoke(Object(Zend\Diactoros\ServerRequest), Object(Zend\Diactoros\Response), Object(Cake\Http\Runner))
#12 C:\xampp\htdocs\enrich_cake\vendor\cakephp\cakephp\src\Http\Runner.php(51): Cake\Http\Runner->__invoke(Object(Zend\Diactoros\ServerRequest), Object(Zend\Diactoros\Response))
#13 C:\xampp\htdocs\enrich_cake\vendor\cakephp\cakephp\src\Http\Server.php(92): Cake\Http\Runner->run(Object(Cake\Http\MiddlewareQueue), Object(Zend\Diactoros\ServerRequest), Object(Zend\Diactoros\Response))
#14 C:\xampp\htdocs\enrich_cake\webroot\index.php(37): Cake\Http\Server->run()
#15 {main}


2017-01-14 20:47:28 Error: [Cake\Controller\Exception\MissingComponentException] Component class DapUsersProductsJnComponent could not be found.
Exception Attributes: array (
  'class' => 'DapUsersProductsJnComponent',
  'plugin' => NULL,
)
Request URL: /DapUsers/getUserIdTest/support@feedlead.com
Stack Trace:
#0 C:\xampp\htdocs\enrich_cake\vendor\cakephp\cakephp\src\Core\ObjectRegistry.php(91): Cake\Controller\ComponentRegistry->_throwMissingClassError('DapUsersProduct...', NULL)
#1 C:\xampp\htdocs\enrich_cake\vendor\cakephp\cakephp\src\Controller\Controller.php(322): Cake\Core\ObjectRegistry->load('DapUsersProduct...', Array)
#2 C:\xampp\htdocs\enrich_cake\src\Controller\DapUsersController.php(138): Cake\Controller\Controller->loadComponent('DapUsersProduct...')
#3 [internal function]: App\Controller\DapUsersController->getUserIdTest('support@feedlea...')
#4 C:\xampp\htdocs\enrich_cake\vendor\cakephp\cakephp\src\Controller\Controller.php(435): call_user_func_array(Array, Array)
#5 C:\xampp\htdocs\enrich_cake\vendor\cakephp\cakephp\src\Http\ActionDispatcher.php(122): Cake\Controller\Controller->invokeAction()
#6 C:\xampp\htdocs\enrich_cake\vendor\cakephp\cakephp\src\Http\ActionDispatcher.php(96): Cake\Http\ActionDispatcher->_invoke(Object(App\Controller\DapUsersController))
#7 C:\xampp\htdocs\enrich_cake\vendor\cakephp\cakephp\src\Http\BaseApplication.php(83): Cake\Http\ActionDispatcher->dispatch(Object(Cake\Network\Request), Object(Cake\Network\Response))
#8 C:\xampp\htdocs\enrich_cake\vendor\cakephp\cakephp\src\Http\Runner.php(65): Cake\Http\BaseApplication->__invoke(Object(Zend\Diactoros\ServerRequest), Object(Zend\Diactoros\Response), Object(Cake\Http\Runner))
#9 C:\xampp\htdocs\enrich_cake\vendor\cakephp\cakephp\src\Routing\Middleware\RoutingMiddleware.php(62): Cake\Http\Runner->__invoke(Object(Zend\Diactoros\ServerRequest), Object(Zend\Diactoros\Response))
#10 C:\xampp\htdocs\enrich_cake\vendor\cakephp\cakephp\src\Http\Runner.php(65): Cake\Routing\Middleware\RoutingMiddleware->__invoke(Object(Zend\Diactoros\ServerRequest), Object(Zend\Diactoros\Response), Object(Cake\Http\Runner))
#11 C:\xampp\htdocs\enrich_cake\vendor\cakephp\cakephp\src\Routing\Middleware\AssetMiddleware.php(93): Cake\Http\Runner->__invoke(Object(Zend\Diactoros\ServerRequest), Object(Zend\Diactoros\Response))
#12 C:\xampp\htdocs\enrich_cake\vendor\cakephp\cakephp\src\Http\Runner.php(65): Cake\Routing\Middleware\AssetMiddleware->__invoke(Object(Zend\Diactoros\ServerRequest), Object(Zend\Diactoros\Response), Object(Cake\Http\Runner))
#13 C:\xampp\htdocs\enrich_cake\vendor\cakephp\cakephp\src\Error\Middleware\ErrorHandlerMiddleware.php(81): Cake\Http\Runner->__invoke(Object(Zend\Diactoros\ServerRequest), Object(Zend\Diactoros\Response))
#14 C:\xampp\htdocs\enrich_cake\vendor\cakephp\cakephp\src\Http\Runner.php(65): Cake\Error\Middleware\ErrorHandlerMiddleware->__invoke(Object(Zend\Diactoros\ServerRequest), Object(Zend\Diactoros\Response), Object(Cake\Http\Runner))
#15 C:\xampp\htdocs\enrich_cake\vendor\cakephp\cakephp\src\Http\Runner.php(51): Cake\Http\Runner->__invoke(Object(Zend\Diactoros\ServerRequest), Object(Zend\Diactoros\Response))
#16 C:\xampp\htdocs\enrich_cake\vendor\cakephp\cakephp\src\Http\Server.php(92): Cake\Http\Runner->run(Object(Cake\Http\MiddlewareQueue), Object(Zend\Diactoros\ServerRequest), Object(Zend\Diactoros\Response))
#17 C:\xampp\htdocs\enrich_cake\webroot\index.php(37): Cake\Http\Server->run()
#18 {main}


2017-01-14 20:47:48 Warning: Warning (2): date() expects at least 1 parameter, 0 given in [C:\xampp\htdocs\enrich_cake\src\Controller\DapUsersController.php, line 148]
Request URL: /enrich_cake/DapUsers/getUserIdTest/support@feedlead.com
Trace:
Cake\Error\BaseErrorHandler::handleError() - CORE\src\Error\BaseErrorHandler.php, line 146
date - [internal], line ??
App\Controller\DapUsersController::getUserIdTest() - APP/Controller\DapUsersController.php, line 148
Cake\Controller\Controller::invokeAction() - CORE\src\Controller\Controller.php, line 435
Cake\Http\ActionDispatcher::_invoke() - CORE\src\Http\ActionDispatcher.php, line 122
Cake\Http\ActionDispatcher::dispatch() - CORE\src\Http\ActionDispatcher.php, line 96
Cake\Http\BaseApplication::__invoke() - CORE\src\Http\BaseApplication.php, line 83
Cake\Http\Runner::__invoke() - CORE\src\Http\Runner.php, line 65
Cake\Routing\Middleware\RoutingMiddleware::__invoke() - CORE\src\Routing\Middleware\RoutingMiddleware.php, line 62
Cake\Http\Runner::__invoke() - CORE\src\Http\Runner.php, line 65
Cake\Routing\Middleware\AssetMiddleware::__invoke() - CORE\src\Routing\Middleware\AssetMiddleware.php, line 93
Cake\Http\Runner::__invoke() - CORE\src\Http\Runner.php, line 65
Cake\Error\Middleware\ErrorHandlerMiddleware::__invoke() - CORE\src\Error\Middleware\ErrorHandlerMiddleware.php, line 81
Cake\Http\Runner::__invoke() - CORE\src\Http\Runner.php, line 65
Cake\Http\Runner::run() - CORE\src\Http\Runner.php, line 51
Cake\Http\Server::run() - CORE\src\Http\Server.php, line 92
[main] - ROOT\webroot\index.php, line 37



2017-01-14 20:47:48 Warning: Warning (2): date() expects at least 1 parameter, 0 given in [C:\xampp\htdocs\enrich_cake\src\Controller\DapUsersController.php, line 148]
Request URL: /enrich_cake/DapUsers/getUserIdTest/support@feedlead.com
Trace:
Cake\Error\BaseErrorHandler::handleError() - CORE\src\Error\BaseErrorHandler.php, line 146
date - [internal], line ??
App\Controller\DapUsersController::getUserIdTest() - APP/Controller\DapUsersController.php, line 148
Cake\Controller\Controller::invokeAction() - CORE\src\Controller\Controller.php, line 435
Cake\Http\ActionDispatcher::_invoke() - CORE\src\Http\ActionDispatcher.php, line 122
Cake\Http\ActionDispatcher::dispatch() - CORE\src\Http\ActionDispatcher.php, line 96
Cake\Http\BaseApplication::__invoke() - CORE\src\Http\BaseApplication.php, line 83
Cake\Http\Runner::__invoke() - CORE\src\Http\Runner.php, line 65
Cake\Routing\Middleware\RoutingMiddleware::__invoke() - CORE\src\Routing\Middleware\RoutingMiddleware.php, line 62
Cake\Http\Runner::__invoke() - CORE\src\Http\Runner.php, line 65
Cake\Routing\Middleware\AssetMiddleware::__invoke() - CORE\src\Routing\Middleware\AssetMiddleware.php, line 93
Cake\Http\Runner::__invoke() - CORE\src\Http\Runner.php, line 65
Cake\Error\Middleware\ErrorHandlerMiddleware::__invoke() - CORE\src\Error\Middleware\ErrorHandlerMiddleware.php, line 81
Cake\Http\Runner::__invoke() - CORE\src\Http\Runner.php, line 65
Cake\Http\Runner::run() - CORE\src\Http\Runner.php, line 51
Cake\Http\Server::run() - CORE\src\Http\Server.php, line 92
[main] - ROOT\webroot\index.php, line 37



2017-01-14 20:50:29 Warning: Warning (2): date() expects at least 1 parameter, 0 given in [C:\xampp\htdocs\enrich_cake\src\Controller\DapUsersController.php, line 148]
Request URL: /enrich_cake/DapUsers/getUserIdTest/support@feedlead.com
Trace:
Cake\Error\BaseErrorHandler::handleError() - CORE\src\Error\BaseErrorHandler.php, line 146
date - [internal], line ??
App\Controller\DapUsersController::getUserIdTest() - APP/Controller\DapUsersController.php, line 148
Cake\Controller\Controller::invokeAction() - CORE\src\Controller\Controller.php, line 435
Cake\Http\ActionDispatcher::_invoke() - CORE\src\Http\ActionDispatcher.php, line 122
Cake\Http\ActionDispatcher::dispatch() - CORE\src\Http\ActionDispatcher.php, line 96
Cake\Http\BaseApplication::__invoke() - CORE\src\Http\BaseApplication.php, line 83
Cake\Http\Runner::__invoke() - CORE\src\Http\Runner.php, line 65
Cake\Routing\Middleware\RoutingMiddleware::__invoke() - CORE\src\Routing\Middleware\RoutingMiddleware.php, line 62
Cake\Http\Runner::__invoke() - CORE\src\Http\Runner.php, line 65
Cake\Routing\Middleware\AssetMiddleware::__invoke() - CORE\src\Routing\Middleware\AssetMiddleware.php, line 93
Cake\Http\Runner::__invoke() - CORE\src\Http\Runner.php, line 65
Cake\Error\Middleware\ErrorHandlerMiddleware::__invoke() - CORE\src\Error\Middleware\ErrorHandlerMiddleware.php, line 81
Cake\Http\Runner::__invoke() - CORE\src\Http\Runner.php, line 65
Cake\Http\Runner::run() - CORE\src\Http\Runner.php, line 51
Cake\Http\Server::run() - CORE\src\Http\Server.php, line 92
[main] - ROOT\webroot\index.php, line 37



2017-01-14 20:50:29 Warning: Warning (2): date() expects at least 1 parameter, 0 given in [C:\xampp\htdocs\enrich_cake\src\Controller\DapUsersController.php, line 148]
Request URL: /enrich_cake/DapUsers/getUserIdTest/support@feedlead.com
Trace:
Cake\Error\BaseErrorHandler::handleError() - CORE\src\Error\BaseErrorHandler.php, line 146
date - [internal], line ??
App\Controller\DapUsersController::getUserIdTest() - APP/Controller\DapUsersController.php, line 148
Cake\Controller\Controller::invokeAction() - CORE\src\Controller\Controller.php, line 435
Cake\Http\ActionDispatcher::_invoke() - CORE\src\Http\ActionDispatcher.php, line 122
Cake\Http\ActionDispatcher::dispatch() - CORE\src\Http\ActionDispatcher.php, line 96
Cake\Http\BaseApplication::__invoke() - CORE\src\Http\BaseApplication.php, line 83
Cake\Http\Runner::__invoke() - CORE\src\Http\Runner.php, line 65
Cake\Routing\Middleware\RoutingMiddleware::__invoke() - CORE\src\Routing\Middleware\RoutingMiddleware.php, line 62
Cake\Http\Runner::__invoke() - CORE\src\Http\Runner.php, line 65
Cake\Routing\Middleware\AssetMiddleware::__invoke() - CORE\src\Routing\Middleware\AssetMiddleware.php, line 93
Cake\Http\Runner::__invoke() - CORE\src\Http\Runner.php, line 65
Cake\Error\Middleware\ErrorHandlerMiddleware::__invoke() - CORE\src\Error\Middleware\ErrorHandlerMiddleware.php, line 81
Cake\Http\Runner::__invoke() - CORE\src\Http\Runner.php, line 65
Cake\Http\Runner::run() - CORE\src\Http\Runner.php, line 51
Cake\Http\Server::run() - CORE\src\Http\Server.php, line 92
[main] - ROOT\webroot\index.php, line 37



2017-01-14 21:01:42 Warning: Warning (2): date() expects at least 1 parameter, 0 given in [C:\xampp\htdocs\enrich_cake\src\Controller\DapUsersController.php, line 148]
Request URL: /enrich_cake/DapUsers/getUserIdTest/support@feedlead.com
Trace:
Cake\Error\BaseErrorHandler::handleError() - CORE\src\Error\BaseErrorHandler.php, line 146
date - [internal], line ??
App\Controller\DapUsersController::getUserIdTest() - APP/Controller\DapUsersController.php, line 148
Cake\Controller\Controller::invokeAction() - CORE\src\Controller\Controller.php, line 435
Cake\Http\ActionDispatcher::_invoke() - CORE\src\Http\ActionDispatcher.php, line 122
Cake\Http\ActionDispatcher::dispatch() - CORE\src\Http\ActionDispatcher.php, line 96
Cake\Http\BaseApplication::__invoke() - CORE\src\Http\BaseApplication.php, line 83
Cake\Http\Runner::__invoke() - CORE\src\Http\Runner.php, line 65
Cake\Routing\Middleware\RoutingMiddleware::__invoke() - CORE\src\Routing\Middleware\RoutingMiddleware.php, line 62
Cake\Http\Runner::__invoke() - CORE\src\Http\Runner.php, line 65
Cake\Routing\Middleware\AssetMiddleware::__invoke() - CORE\src\Routing\Middleware\AssetMiddleware.php, line 93
Cake\Http\Runner::__invoke() - CORE\src\Http\Runner.php, line 65
Cake\Error\Middleware\ErrorHandlerMiddleware::__invoke() - CORE\src\Error\Middleware\ErrorHandlerMiddleware.php, line 81
Cake\Http\Runner::__invoke() - CORE\src\Http\Runner.php, line 65
Cake\Http\Runner::run() - CORE\src\Http\Runner.php, line 51
Cake\Http\Server::run() - CORE\src\Http\Server.php, line 92
[main] - ROOT\webroot\index.php, line 37



2017-01-14 21:01:42 Warning: Warning (2): date() expects at least 1 parameter, 0 given in [C:\xampp\htdocs\enrich_cake\src\Controller\DapUsersController.php, line 148]
Request URL: /enrich_cake/DapUsers/getUserIdTest/support@feedlead.com
Trace:
Cake\Error\BaseErrorHandler::handleError() - CORE\src\Error\BaseErrorHandler.php, line 146
date - [internal], line ??
App\Controller\DapUsersController::getUserIdTest() - APP/Controller\DapUsersController.php, line 148
Cake\Controller\Controller::invokeAction() - CORE\src\Controller\Controller.php, line 435
Cake\Http\ActionDispatcher::_invoke() - CORE\src\Http\ActionDispatcher.php, line 122
Cake\Http\ActionDispatcher::dispatch() - CORE\src\Http\ActionDispatcher.php, line 96
Cake\Http\BaseApplication::__invoke() - CORE\src\Http\BaseApplication.php, line 83
Cake\Http\Runner::__invoke() - CORE\src\Http\Runner.php, line 65
Cake\Routing\Middleware\RoutingMiddleware::__invoke() - CORE\src\Routing\Middleware\RoutingMiddleware.php, line 62
Cake\Http\Runner::__invoke() - CORE\src\Http\Runner.php, line 65
Cake\Routing\Middleware\AssetMiddleware::__invoke() - CORE\src\Routing\Middleware\AssetMiddleware.php, line 93
Cake\Http\Runner::__invoke() - CORE\src\Http\Runner.php, line 65
Cake\Error\Middleware\ErrorHandlerMiddleware::__invoke() - CORE\src\Error\Middleware\ErrorHandlerMiddleware.php, line 81
Cake\Http\Runner::__invoke() - CORE\src\Http\Runner.php, line 65
Cake\Http\Runner::run() - CORE\src\Http\Runner.php, line 51
Cake\Http\Server::run() - CORE\src\Http\Server.php, line 92
[main] - ROOT\webroot\index.php, line 37



2017-01-14 21:01:42 Error: [PDOException] SQLSTATE[42000]: Syntax error or access violation: 1064 You have an error in your SQL syntax; check the manual that corresponds to your MariaDB server version for the right syntax to use near 'AND DapUsersProductsJn.access_end_date >))' at line 1
Request URL: /DapUsers/getUserIdTest/support@feedlead.com
Stack Trace:
#0 C:\xampp\htdocs\enrich_cake\vendor\cakephp\cakephp\src\Database\Statement\MysqlStatement.php(36): PDOStatement->execute(NULL)
#1 C:\xampp\htdocs\enrich_cake\vendor\cakephp\cakephp\src\Database\Statement\StatementDecorator.php(172): Cake\Database\Statement\MysqlStatement->execute(NULL)
#2 C:\xampp\htdocs\enrich_cake\vendor\cakephp\cakephp\src\Database\Log\LoggingStatement.php(56): Cake\Database\Statement\StatementDecorator->execute(NULL)
#3 C:\xampp\htdocs\enrich_cake\vendor\cakephp\cakephp\src\Database\Connection.php(276): Cake\Database\Log\LoggingStatement->execute()
#4 C:\xampp\htdocs\enrich_cake\vendor\cakephp\cakephp\src\Database\Query.php(189): Cake\Database\Connection->run(Object(Cake\ORM\Query))
#5 C:\xampp\htdocs\enrich_cake\vendor\cakephp\cakephp\src\ORM\Query.php(958): Cake\Database\Query->execute()
#6 C:\xampp\htdocs\enrich_cake\vendor\cakephp\cakephp\src\Datasource\QueryTrait.php(276): Cake\ORM\Query->_execute()
#7 C:\xampp\htdocs\enrich_cake\vendor\cakephp\cakephp\src\ORM\Query.php(906): Cake\ORM\Query->_all()
#8 C:\xampp\htdocs\enrich_cake\vendor\cakephp\cakephp\src\ORM\Query.php(1154): Cake\ORM\Query->all()
#9 [internal function]: Cake\ORM\Query->jsonSerialize()
#10 C:\xampp\htdocs\enrich_cake\src\Controller\DapUsersController.php(151): json_encode(Object(Cake\ORM\Query))
#11 [internal function]: App\Controller\DapUsersController->getUserIdTest('support@feedlea...')
#12 C:\xampp\htdocs\enrich_cake\vendor\cakephp\cakephp\src\Controller\Controller.php(435): call_user_func_array(Array, Array)
#13 C:\xampp\htdocs\enrich_cake\vendor\cakephp\cakephp\src\Http\ActionDispatcher.php(122): Cake\Controller\Controller->invokeAction()
#14 C:\xampp\htdocs\enrich_cake\vendor\cakephp\cakephp\src\Http\ActionDispatcher.php(96): Cake\Http\ActionDispatcher->_invoke(Object(App\Controller\DapUsersController))
#15 C:\xampp\htdocs\enrich_cake\vendor\cakephp\cakephp\src\Http\BaseApplication.php(83): Cake\Http\ActionDispatcher->dispatch(Object(Cake\Network\Request), Object(Cake\Network\Response))
#16 C:\xampp\htdocs\enrich_cake\vendor\cakephp\cakephp\src\Http\Runner.php(65): Cake\Http\BaseApplication->__invoke(Object(Zend\Diactoros\ServerRequest), Object(Zend\Diactoros\Response), Object(Cake\Http\Runner))
#17 C:\xampp\htdocs\enrich_cake\vendor\cakephp\cakephp\src\Routing\Middleware\RoutingMiddleware.php(62): Cake\Http\Runner->__invoke(Object(Zend\Diactoros\ServerRequest), Object(Zend\Diactoros\Response))
#18 C:\xampp\htdocs\enrich_cake\vendor\cakephp\cakephp\src\Http\Runner.php(65): Cake\Routing\Middleware\RoutingMiddleware->__invoke(Object(Zend\Diactoros\ServerRequest), Object(Zend\Diactoros\Response), Object(Cake\Http\Runner))
#19 C:\xampp\htdocs\enrich_cake\vendor\cakephp\cakephp\src\Routing\Middleware\AssetMiddleware.php(93): Cake\Http\Runner->__invoke(Object(Zend\Diactoros\ServerRequest), Object(Zend\Diactoros\Response))
#20 C:\xampp\htdocs\enrich_cake\vendor\cakephp\cakephp\src\Http\Runner.php(65): Cake\Routing\Middleware\AssetMiddleware->__invoke(Object(Zend\Diactoros\ServerRequest), Object(Zend\Diactoros\Response), Object(Cake\Http\Runner))
#21 C:\xampp\htdocs\enrich_cake\vendor\cakephp\cakephp\src\Error\Middleware\ErrorHandlerMiddleware.php(81): Cake\Http\Runner->__invoke(Object(Zend\Diactoros\ServerRequest), Object(Zend\Diactoros\Response))
#22 C:\xampp\htdocs\enrich_cake\vendor\cakephp\cakephp\src\Http\Runner.php(65): Cake\Error\Middleware\ErrorHandlerMiddleware->__invoke(Object(Zend\Diactoros\ServerRequest), Object(Zend\Diactoros\Response), Object(Cake\Http\Runner))
#23 C:\xampp\htdocs\enrich_cake\vendor\cakephp\cakephp\src\Http\Runner.php(51): Cake\Http\Runner->__invoke(Object(Zend\Diactoros\ServerRequest), Object(Zend\Diactoros\Response))
#24 C:\xampp\htdocs\enrich_cake\vendor\cakephp\cakephp\src\Http\Server.php(92): Cake\Http\Runner->run(Object(Cake\Http\MiddlewareQueue), Object(Zend\Diactoros\ServerRequest), Object(Zend\Diactoros\Response))
#25 C:\xampp\htdocs\enrich_cake\webroot\index.php(37): Cake\Http\Server->run()
#26 {main}


2017-01-14 21:01:42 Warning: Warning (512): Unable to emit headers. Headers sent in file=C:\xampp\htdocs\enrich_cake\vendor\cakephp\cakephp\src\Error\Debugger.php line=754 in [C:\xampp\htdocs\enrich_cake\vendor\cakephp\cakephp\src\Http\ResponseEmitter.php, line 48]
Request URL: /enrich_cake/DapUsers/getUserIdTest/support@feedlead.com
Trace:
Cake\Error\BaseErrorHandler::handleError() - CORE\src\Error\BaseErrorHandler.php, line 146
Cake\Http\ResponseEmitter::emit() - CORE\src\Http\ResponseEmitter.php, line 48
Cake\Http\Server::emit() - CORE\src\Http\Server.php, line 118
[main] - ROOT\webroot\index.php, line 37



2017-01-14 21:01:42 Warning: Warning (2): Cannot modify header information - headers already sent by (output started at C:\xampp\htdocs\enrich_cake\vendor\cakephp\cakephp\src\Error\Debugger.php:754) in [C:\xampp\htdocs\enrich_cake\vendor\cakephp\cakephp\src\Http\ResponseEmitter.php, line 145]
Request URL: /enrich_cake/DapUsers/getUserIdTest/support@feedlead.com
Trace:
Cake\Error\BaseErrorHandler::handleError() - CORE\src\Error\BaseErrorHandler.php, line 146
header - [internal], line ??
Cake\Http\ResponseEmitter::emitStatusLine() - CORE\src\Http\ResponseEmitter.php, line 145
Cake\Http\ResponseEmitter::emit() - CORE\src\Http\ResponseEmitter.php, line 54
Cake\Http\Server::emit() - CORE\src\Http\Server.php, line 118
[main] - ROOT\webroot\index.php, line 37



2017-01-14 21:01:42 Warning: Warning (2): Cannot modify header information - headers already sent by (output started at C:\xampp\htdocs\enrich_cake\vendor\cakephp\cakephp\src\Error\Debugger.php:754) in [C:\xampp\htdocs\enrich_cake\vendor\cakephp\cakephp\src\Http\ResponseEmitter.php, line 170]
Request URL: /enrich_cake/DapUsers/getUserIdTest/support@feedlead.com
Trace:
Cake\Error\BaseErrorHandler::handleError() - CORE\src\Error\BaseErrorHandler.php, line 146
header - [internal], line ??
Cake\Http\ResponseEmitter::emitHeaders() - CORE\src\Http\ResponseEmitter.php, line 170
Cake\Http\ResponseEmitter::emit() - CORE\src\Http\ResponseEmitter.php, line 55
Cake\Http\Server::emit() - CORE\src\Http\Server.php, line 118
[main] - ROOT\webroot\index.php, line 37



2017-01-14 21:01:42 Warning: Warning (2): Cannot modify header information - headers already sent by (output started at C:\xampp\htdocs\enrich_cake\vendor\cakephp\cakephp\src\Error\Debugger.php:754) in [C:\xampp\htdocs\enrich_cake\vendor\cakephp\cakephp\src\Http\ResponseEmitter.php, line 170]
Request URL: /enrich_cake/DapUsers/getUserIdTest/support@feedlead.com
Trace:
Cake\Error\BaseErrorHandler::handleError() - CORE\src\Error\BaseErrorHandler.php, line 146
header - [internal], line ??
Cake\Http\ResponseEmitter::emitHeaders() - CORE\src\Http\ResponseEmitter.php, line 170
Cake\Http\ResponseEmitter::emit() - CORE\src\Http\ResponseEmitter.php, line 55
Cake\Http\Server::emit() - CORE\src\Http\Server.php, line 118
[main] - ROOT\webroot\index.php, line 37



2017-01-14 21:01:44 Warning: Warning (2): date() expects at least 1 parameter, 0 given in [C:\xampp\htdocs\enrich_cake\src\Controller\DapUsersController.php, line 148]
Request URL: /enrich_cake/DapUsers/getUserIdTest/support@feedlead.com
Trace:
Cake\Error\BaseErrorHandler::handleError() - CORE\src\Error\BaseErrorHandler.php, line 146
date - [internal], line ??
App\Controller\DapUsersController::getUserIdTest() - APP/Controller\DapUsersController.php, line 148
Cake\Controller\Controller::invokeAction() - CORE\src\Controller\Controller.php, line 435
Cake\Http\ActionDispatcher::_invoke() - CORE\src\Http\ActionDispatcher.php, line 122
Cake\Http\ActionDispatcher::dispatch() - CORE\src\Http\ActionDispatcher.php, line 96
Cake\Http\BaseApplication::__invoke() - CORE\src\Http\BaseApplication.php, line 83
Cake\Http\Runner::__invoke() - CORE\src\Http\Runner.php, line 65
Cake\Routing\Middleware\RoutingMiddleware::__invoke() - CORE\src\Routing\Middleware\RoutingMiddleware.php, line 62
Cake\Http\Runner::__invoke() - CORE\src\Http\Runner.php, line 65
Cake\Routing\Middleware\AssetMiddleware::__invoke() - CORE\src\Routing\Middleware\AssetMiddleware.php, line 93
Cake\Http\Runner::__invoke() - CORE\src\Http\Runner.php, line 65
Cake\Error\Middleware\ErrorHandlerMiddleware::__invoke() - CORE\src\Error\Middleware\ErrorHandlerMiddleware.php, line 81
Cake\Http\Runner::__invoke() - CORE\src\Http\Runner.php, line 65
Cake\Http\Runner::run() - CORE\src\Http\Runner.php, line 51
Cake\Http\Server::run() - CORE\src\Http\Server.php, line 92
[main] - ROOT\webroot\index.php, line 37



2017-01-14 21:01:44 Warning: Warning (2): date() expects at least 1 parameter, 0 given in [C:\xampp\htdocs\enrich_cake\src\Controller\DapUsersController.php, line 148]
Request URL: /enrich_cake/DapUsers/getUserIdTest/support@feedlead.com
Trace:
Cake\Error\BaseErrorHandler::handleError() - CORE\src\Error\BaseErrorHandler.php, line 146
date - [internal], line ??
App\Controller\DapUsersController::getUserIdTest() - APP/Controller\DapUsersController.php, line 148
Cake\Controller\Controller::invokeAction() - CORE\src\Controller\Controller.php, line 435
Cake\Http\ActionDispatcher::_invoke() - CORE\src\Http\ActionDispatcher.php, line 122
Cake\Http\ActionDispatcher::dispatch() - CORE\src\Http\ActionDispatcher.php, line 96
Cake\Http\BaseApplication::__invoke() - CORE\src\Http\BaseApplication.php, line 83
Cake\Http\Runner::__invoke() - CORE\src\Http\Runner.php, line 65
Cake\Routing\Middleware\RoutingMiddleware::__invoke() - CORE\src\Routing\Middleware\RoutingMiddleware.php, line 62
Cake\Http\Runner::__invoke() - CORE\src\Http\Runner.php, line 65
Cake\Routing\Middleware\AssetMiddleware::__invoke() - CORE\src\Routing\Middleware\AssetMiddleware.php, line 93
Cake\Http\Runner::__invoke() - CORE\src\Http\Runner.php, line 65
Cake\Error\Middleware\ErrorHandlerMiddleware::__invoke() - CORE\src\Error\Middleware\ErrorHandlerMiddleware.php, line 81
Cake\Http\Runner::__invoke() - CORE\src\Http\Runner.php, line 65
Cake\Http\Runner::run() - CORE\src\Http\Runner.php, line 51
Cake\Http\Server::run() - CORE\src\Http\Server.php, line 92
[main] - ROOT\webroot\index.php, line 37



2017-01-14 21:01:44 Error: [PDOException] SQLSTATE[42000]: Syntax error or access violation: 1064 You have an error in your SQL syntax; check the manual that corresponds to your MariaDB server version for the right syntax to use near 'AND DapUsersProductsJn.access_end_date >))' at line 1
Request URL: /DapUsers/getUserIdTest/support@feedlead.com
Stack Trace:
#0 C:\xampp\htdocs\enrich_cake\vendor\cakephp\cakephp\src\Database\Statement\MysqlStatement.php(36): PDOStatement->execute(NULL)
#1 C:\xampp\htdocs\enrich_cake\vendor\cakephp\cakephp\src\Database\Statement\StatementDecorator.php(172): Cake\Database\Statement\MysqlStatement->execute(NULL)
#2 C:\xampp\htdocs\enrich_cake\vendor\cakephp\cakephp\src\Database\Log\LoggingStatement.php(56): Cake\Database\Statement\StatementDecorator->execute(NULL)
#3 C:\xampp\htdocs\enrich_cake\vendor\cakephp\cakephp\src\Database\Connection.php(276): Cake\Database\Log\LoggingStatement->execute()
#4 C:\xampp\htdocs\enrich_cake\vendor\cakephp\cakephp\src\Database\Query.php(189): Cake\Database\Connection->run(Object(Cake\ORM\Query))
#5 C:\xampp\htdocs\enrich_cake\vendor\cakephp\cakephp\src\ORM\Query.php(958): Cake\Database\Query->execute()
#6 C:\xampp\htdocs\enrich_cake\vendor\cakephp\cakephp\src\Datasource\QueryTrait.php(276): Cake\ORM\Query->_execute()
#7 C:\xampp\htdocs\enrich_cake\vendor\cakephp\cakephp\src\ORM\Query.php(906): Cake\ORM\Query->_all()
#8 C:\xampp\htdocs\enrich_cake\vendor\cakephp\cakephp\src\ORM\Query.php(1154): Cake\ORM\Query->all()
#9 [internal function]: Cake\ORM\Query->jsonSerialize()
#10 C:\xampp\htdocs\enrich_cake\src\Controller\DapUsersController.php(151): json_encode(Object(Cake\ORM\Query))
#11 [internal function]: App\Controller\DapUsersController->getUserIdTest('support@feedlea...')
#12 C:\xampp\htdocs\enrich_cake\vendor\cakephp\cakephp\src\Controller\Controller.php(435): call_user_func_array(Array, Array)
#13 C:\xampp\htdocs\enrich_cake\vendor\cakephp\cakephp\src\Http\ActionDispatcher.php(122): Cake\Controller\Controller->invokeAction()
#14 C:\xampp\htdocs\enrich_cake\vendor\cakephp\cakephp\src\Http\ActionDispatcher.php(96): Cake\Http\ActionDispatcher->_invoke(Object(App\Controller\DapUsersController))
#15 C:\xampp\htdocs\enrich_cake\vendor\cakephp\cakephp\src\Http\BaseApplication.php(83): Cake\Http\ActionDispatcher->dispatch(Object(Cake\Network\Request), Object(Cake\Network\Response))
#16 C:\xampp\htdocs\enrich_cake\vendor\cakephp\cakephp\src\Http\Runner.php(65): Cake\Http\BaseApplication->__invoke(Object(Zend\Diactoros\ServerRequest), Object(Zend\Diactoros\Response), Object(Cake\Http\Runner))
#17 C:\xampp\htdocs\enrich_cake\vendor\cakephp\cakephp\src\Routing\Middleware\RoutingMiddleware.php(62): Cake\Http\Runner->__invoke(Object(Zend\Diactoros\ServerRequest), Object(Zend\Diactoros\Response))
#18 C:\xampp\htdocs\enrich_cake\vendor\cakephp\cakephp\src\Http\Runner.php(65): Cake\Routing\Middleware\RoutingMiddleware->__invoke(Object(Zend\Diactoros\ServerRequest), Object(Zend\Diactoros\Response), Object(Cake\Http\Runner))
#19 C:\xampp\htdocs\enrich_cake\vendor\cakephp\cakephp\src\Routing\Middleware\AssetMiddleware.php(93): Cake\Http\Runner->__invoke(Object(Zend\Diactoros\ServerRequest), Object(Zend\Diactoros\Response))
#20 C:\xampp\htdocs\enrich_cake\vendor\cakephp\cakephp\src\Http\Runner.php(65): Cake\Routing\Middleware\AssetMiddleware->__invoke(Object(Zend\Diactoros\ServerRequest), Object(Zend\Diactoros\Response), Object(Cake\Http\Runner))
#21 C:\xampp\htdocs\enrich_cake\vendor\cakephp\cakephp\src\Error\Middleware\ErrorHandlerMiddleware.php(81): Cake\Http\Runner->__invoke(Object(Zend\Diactoros\ServerRequest), Object(Zend\Diactoros\Response))
#22 C:\xampp\htdocs\enrich_cake\vendor\cakephp\cakephp\src\Http\Runner.php(65): Cake\Error\Middleware\ErrorHandlerMiddleware->__invoke(Object(Zend\Diactoros\ServerRequest), Object(Zend\Diactoros\Response), Object(Cake\Http\Runner))
#23 C:\xampp\htdocs\enrich_cake\vendor\cakephp\cakephp\src\Http\Runner.php(51): Cake\Http\Runner->__invoke(Object(Zend\Diactoros\ServerRequest), Object(Zend\Diactoros\Response))
#24 C:\xampp\htdocs\enrich_cake\vendor\cakephp\cakephp\src\Http\Server.php(92): Cake\Http\Runner->run(Object(Cake\Http\MiddlewareQueue), Object(Zend\Diactoros\ServerRequest), Object(Zend\Diactoros\Response))
#25 C:\xampp\htdocs\enrich_cake\webroot\index.php(37): Cake\Http\Server->run()
#26 {main}


2017-01-14 21:01:44 Warning: Warning (512): Unable to emit headers. Headers sent in file=C:\xampp\htdocs\enrich_cake\vendor\cakephp\cakephp\src\Error\Debugger.php line=754 in [C:\xampp\htdocs\enrich_cake\vendor\cakephp\cakephp\src\Http\ResponseEmitter.php, line 48]
Request URL: /enrich_cake/DapUsers/getUserIdTest/support@feedlead.com
Trace:
Cake\Error\BaseErrorHandler::handleError() - CORE\src\Error\BaseErrorHandler.php, line 146
Cake\Http\ResponseEmitter::emit() - CORE\src\Http\ResponseEmitter.php, line 48
Cake\Http\Server::emit() - CORE\src\Http\Server.php, line 118
[main] - ROOT\webroot\index.php, line 37



2017-01-14 21:01:44 Warning: Warning (2): Cannot modify header information - headers already sent by (output started at C:\xampp\htdocs\enrich_cake\vendor\cakephp\cakephp\src\Error\Debugger.php:754) in [C:\xampp\htdocs\enrich_cake\vendor\cakephp\cakephp\src\Http\ResponseEmitter.php, line 145]
Request URL: /enrich_cake/DapUsers/getUserIdTest/support@feedlead.com
Trace:
Cake\Error\BaseErrorHandler::handleError() - CORE\src\Error\BaseErrorHandler.php, line 146
header - [internal], line ??
Cake\Http\ResponseEmitter::emitStatusLine() - CORE\src\Http\ResponseEmitter.php, line 145
Cake\Http\ResponseEmitter::emit() - CORE\src\Http\ResponseEmitter.php, line 54
Cake\Http\Server::emit() - CORE\src\Http\Server.php, line 118
[main] - ROOT\webroot\index.php, line 37



2017-01-14 21:01:44 Warning: Warning (2): Cannot modify header information - headers already sent by (output started at C:\xampp\htdocs\enrich_cake\vendor\cakephp\cakephp\src\Error\Debugger.php:754) in [C:\xampp\htdocs\enrich_cake\vendor\cakephp\cakephp\src\Http\ResponseEmitter.php, line 170]
Request URL: /enrich_cake/DapUsers/getUserIdTest/support@feedlead.com
Trace:
Cake\Error\BaseErrorHandler::handleError() - CORE\src\Error\BaseErrorHandler.php, line 146
header - [internal], line ??
Cake\Http\ResponseEmitter::emitHeaders() - CORE\src\Http\ResponseEmitter.php, line 170
Cake\Http\ResponseEmitter::emit() - CORE\src\Http\ResponseEmitter.php, line 55
Cake\Http\Server::emit() - CORE\src\Http\Server.php, line 118
[main] - ROOT\webroot\index.php, line 37



2017-01-14 21:01:44 Warning: Warning (2): Cannot modify header information - headers already sent by (output started at C:\xampp\htdocs\enrich_cake\vendor\cakephp\cakephp\src\Error\Debugger.php:754) in [C:\xampp\htdocs\enrich_cake\vendor\cakephp\cakephp\src\Http\ResponseEmitter.php, line 170]
Request URL: /enrich_cake/DapUsers/getUserIdTest/support@feedlead.com
Trace:
Cake\Error\BaseErrorHandler::handleError() - CORE\src\Error\BaseErrorHandler.php, line 146
header - [internal], line ??
Cake\Http\ResponseEmitter::emitHeaders() - CORE\src\Http\ResponseEmitter.php, line 170
Cake\Http\ResponseEmitter::emit() - CORE\src\Http\ResponseEmitter.php, line 55
Cake\Http\Server::emit() - CORE\src\Http\Server.php, line 118
[main] - ROOT\webroot\index.php, line 37



2017-01-14 21:37:36 Error: [Cake\View\Exception\MissingTemplateException] Template file "DapUsersCredits\get_credits_test.ctp" is missing.
Exception Attributes: array (
  'file' => 'DapUsersCredits\\get_credits_test.ctp',
)
Request URL: /DapUsersCredits/getCreditsTest/1
Stack Trace:
#0 C:\xampp\htdocs\enrich_cake\vendor\cakephp\cakephp\src\View\View.php(595): Cake\View\View->_getViewFileName('DapUsersCredits...')
#1 C:\xampp\htdocs\enrich_cake\vendor\cakephp\cakephp\src\Controller\Controller.php(617): Cake\View\View->render(NULL, NULL)
#2 C:\xampp\htdocs\enrich_cake\vendor\cakephp\cakephp\src\Http\ActionDispatcher.php(128): Cake\Controller\Controller->render()
#3 C:\xampp\htdocs\enrich_cake\vendor\cakephp\cakephp\src\Http\ActionDispatcher.php(96): Cake\Http\ActionDispatcher->_invoke(Object(App\Controller\DapUsersCreditsController))
#4 C:\xampp\htdocs\enrich_cake\vendor\cakephp\cakephp\src\Http\BaseApplication.php(83): Cake\Http\ActionDispatcher->dispatch(Object(Cake\Network\Request), Object(Cake\Network\Response))
#5 C:\xampp\htdocs\enrich_cake\vendor\cakephp\cakephp\src\Http\Runner.php(65): Cake\Http\BaseApplication->__invoke(Object(Zend\Diactoros\ServerRequest), Object(Zend\Diactoros\Response), Object(Cake\Http\Runner))
#6 C:\xampp\htdocs\enrich_cake\vendor\cakephp\cakephp\src\Routing\Middleware\RoutingMiddleware.php(62): Cake\Http\Runner->__invoke(Object(Zend\Diactoros\ServerRequest), Object(Zend\Diactoros\Response))
#7 C:\xampp\htdocs\enrich_cake\vendor\cakephp\cakephp\src\Http\Runner.php(65): Cake\Routing\Middleware\RoutingMiddleware->__invoke(Object(Zend\Diactoros\ServerRequest), Object(Zend\Diactoros\Response), Object(Cake\Http\Runner))
#8 C:\xampp\htdocs\enrich_cake\vendor\cakephp\cakephp\src\Routing\Middleware\AssetMiddleware.php(88): Cake\Http\Runner->__invoke(Object(Zend\Diactoros\ServerRequest), Object(Zend\Diactoros\Response))
#9 C:\xampp\htdocs\enrich_cake\vendor\cakephp\cakephp\src\Http\Runner.php(65): Cake\Routing\Middleware\AssetMiddleware->__invoke(Object(Zend\Diactoros\ServerRequest), Object(Zend\Diactoros\Response), Object(Cake\Http\Runner))
#10 C:\xampp\htdocs\enrich_cake\vendor\cakephp\cakephp\src\Error\Middleware\ErrorHandlerMiddleware.php(81): Cake\Http\Runner->__invoke(Object(Zend\Diactoros\ServerRequest), Object(Zend\Diactoros\Response))
#11 C:\xampp\htdocs\enrich_cake\vendor\cakephp\cakephp\src\Http\Runner.php(65): Cake\Error\Middleware\ErrorHandlerMiddleware->__invoke(Object(Zend\Diactoros\ServerRequest), Object(Zend\Diactoros\Response), Object(Cake\Http\Runner))
#12 C:\xampp\htdocs\enrich_cake\vendor\cakephp\cakephp\src\Http\Runner.php(51): Cake\Http\Runner->__invoke(Object(Zend\Diactoros\ServerRequest), Object(Zend\Diactoros\Response))
#13 C:\xampp\htdocs\enrich_cake\vendor\cakephp\cakephp\src\Http\Server.php(92): Cake\Http\Runner->run(Object(Cake\Http\MiddlewareQueue), Object(Zend\Diactoros\ServerRequest), Object(Zend\Diactoros\Response))
#14 C:\xampp\htdocs\enrich_cake\webroot\index.php(37): Cake\Http\Server->run()
#15 {main}


